[null][INFO ] 2025-01-17 21:49:11.184 [main                  ] c.e.g.GroomingoApplication     - Starting GroomingoApplication using Java 21.0.5 with PID 26053 (/Users/wuchang/IdeaProjects/back-end/build/classes/java/main started by wuchang in /Users/wuchang/IdeaProjects/back-end)
[null][DEBUG] 2025-01-17 21:49:11.186 [main                  ] c.e.g.GroomingoApplication     - Running with Spring Boot v3.3.5, Spring v6.1.14
[null][INFO ] 2025-01-17 21:49:11.186 [main                  ] c.e.g.GroomingoApplication     - The following 1 profile is active: "local"
[null][INFO ] 2025-01-17 21:59:21.451 [main                  ] c.e.g.GroomingoApplication     - Starting GroomingoApplication using Java 21.0.5 with PID 26773 (/Users/wuchang/IdeaProjects/back-end/build/classes/java/main started by wuchang in /Users/wuchang/IdeaProjects/back-end)
[null][DEBUG] 2025-01-17 21:59:21.451 [main                  ] c.e.g.GroomingoApplication     - Running with Spring Boot v3.3.5, Spring v6.1.14
[null][INFO ] 2025-01-17 21:59:21.452 [main                  ] c.e.g.GroomingoApplication     - The following 1 profile is active: "local"
[null][DEBUG] 2025-01-17 21:59:22.943 [main                  ] c.e.g.c.j.JwtAuthenticationFilter - Filter 'jwtAuthenticationFilter' configured for use
[null][INFO ] 2025-01-17 21:59:23.441 [main                  ] c.e.g.GroomingoApplication     - Started GroomingoApplication in 2.17 seconds (process running for 2.344)
[null][INFO ] 2025-01-17 22:01:51.315 [main                  ] c.e.g.GroomingoApplication     - Starting GroomingoApplication using Java 21.0.5 with PID 26882 (/Users/wuchang/IdeaProjects/back-end/build/classes/java/main started by wuchang in /Users/wuchang/IdeaProjects/back-end)
[null][DEBUG] 2025-01-17 22:01:51.315 [main                  ] c.e.g.GroomingoApplication     - Running with Spring Boot v3.3.5, Spring v6.1.14
[null][INFO ] 2025-01-17 22:01:51.315 [main                  ] c.e.g.GroomingoApplication     - The following 1 profile is active: "local"
[null][DEBUG] 2025-01-17 22:01:52.436 [main                  ] o.h.SQL                        - 
    alter table if exists users 
       drop constraint if exists FK3rb3fl26he86xufob7i2mnu52
[null][DEBUG] 2025-01-17 22:01:52.439 [main                  ] o.h.SQL                        - 
    drop table if exists kakao cascade
[null][DEBUG] 2025-01-17 22:01:52.439 [main                  ] o.h.SQL                        - 
    drop table if exists users cascade
[null][DEBUG] 2025-01-17 22:01:52.441 [main                  ] o.h.SQL                        - 
    create table kakao (
        id bigint not null,
        email varchar(255),
        nickname varchar(255),
        primary key (id)
    )
[null][DEBUG] 2025-01-17 22:01:52.463 [main                  ] o.h.SQL                        - 
    create table users (
        id bigint generated by default as identity,
        kakao_id bigint unique,
        email varchar(255),
        password varchar(255),
        role varchar(255) check (role in ('ADMIN','USER')),
        primary key (id)
    )
[null][DEBUG] 2025-01-17 22:01:52.470 [main                  ] o.h.SQL                        - 
    alter table if exists users 
       add constraint FK3rb3fl26he86xufob7i2mnu52 
       foreign key (kakao_id) 
       references kakao
[null][DEBUG] 2025-01-17 22:01:52.754 [main                  ] c.e.g.c.j.JwtAuthenticationFilter - Filter 'jwtAuthenticationFilter' configured for use
[null][INFO ] 2025-01-17 22:01:53.201 [main                  ] c.e.g.GroomingoApplication     - Started GroomingoApplication in 2.06 seconds (process running for 2.196)
[null][INFO ] 2025-01-17 22:43:09.317 [main                  ] c.e.g.GroomingoApplication     - Starting GroomingoApplication using Java 21.0.5 with PID 28471 (/Users/wuchang/IdeaProjects/back-end/build/classes/java/main started by wuchang in /Users/wuchang/IdeaProjects/back-end)
[null][DEBUG] 2025-01-17 22:43:09.318 [main                  ] c.e.g.GroomingoApplication     - Running with Spring Boot v3.3.5, Spring v6.1.14
[null][INFO ] 2025-01-17 22:43:09.318 [main                  ] c.e.g.GroomingoApplication     - The following 1 profile is active: "local"
[null][DEBUG] 2025-01-17 22:43:10.826 [main                  ] o.h.SQL                        - 
    alter table if exists users 
       drop constraint if exists FK3rb3fl26he86xufob7i2mnu52
[null][DEBUG] 2025-01-17 22:43:10.832 [main                  ] o.h.SQL                        - 
    drop table if exists kakao cascade
[null][DEBUG] 2025-01-17 22:43:10.834 [main                  ] o.h.SQL                        - 
    drop table if exists users cascade
[null][DEBUG] 2025-01-17 22:43:10.839 [main                  ] o.h.SQL                        - 
    create table kakao (
        id bigint not null,
        email varchar(255),
        nickname varchar(255),
        primary key (id)
    )
[null][DEBUG] 2025-01-17 22:43:10.845 [main                  ] o.h.SQL                        - 
    create table users (
        id bigint generated by default as identity,
        kakao_id bigint unique,
        email varchar(255),
        password varchar(255),
        role varchar(255) check (role in ('ADMIN','USER')),
        primary key (id)
    )
[null][DEBUG] 2025-01-17 22:43:10.848 [main                  ] o.h.SQL                        - 
    alter table if exists users 
       add constraint FK3rb3fl26he86xufob7i2mnu52 
       foreign key (kakao_id) 
       references kakao
[null][DEBUG] 2025-01-17 22:43:11.174 [main                  ] c.e.g.c.j.JwtAuthenticationFilter - Filter 'jwtAuthenticationFilter' configured for use
[null][INFO ] 2025-01-17 22:43:11.676 [main                  ] c.e.g.GroomingoApplication     - Started GroomingoApplication in 2.601 seconds (process running for 2.949)
[1d168703][DEBUG] 2025-01-17 22:43:47.886 [http-nio-8080-exec-2  ] c.e.g.c.l.ThreadLocalTrace     - AuthController.signUp(..) Request -> POST /auth/sign-up, params =  [], body = [SignUpRequest[email=null, password=null]]
[1d168703][INFO ] 2025-01-17 22:43:47.887 [http-nio-8080-exec-2  ] c.e.g.c.l.ThreadLocalTrace     - AuthController.signUp(..)
[1d168703][INFO ] 2025-01-17 22:43:47.891 [http-nio-8080-exec-2  ] c.e.g.c.l.ThreadLocalTrace     - |-->AuthService.signUp(..)
[1d168703][INFO ] 2025-01-17 22:43:47.891 [http-nio-8080-exec-2  ] c.e.g.c.l.ThreadLocalTrace     - |   |-->UserFindService.isAlreadyMember(..)
[1d168703][INFO ] 2025-01-17 22:43:47.892 [http-nio-8080-exec-2  ] c.e.g.c.l.ThreadLocalTrace     - |   |   |-->UserRepository.existsByEmail(..)
[1d168703][DEBUG] 2025-01-17 22:43:47.921 [http-nio-8080-exec-2  ] o.h.SQL                        - 
    select
        ue1_0.id 
    from
        users ue1_0 
    where
        ue1_0.email is null 
    fetch
        first ? rows only
[1d168703][INFO ] 2025-01-17 22:43:47.927 [http-nio-8080-exec-2  ] c.e.g.c.l.ThreadLocalTrace     - |   |   |<--UserRepository.existsByEmail(..) time=35ms
[1d168703][INFO ] 2025-01-17 22:43:47.927 [http-nio-8080-exec-2  ] c.e.g.c.l.ThreadLocalTrace     - |   |<--UserFindService.isAlreadyMember(..) time=36ms
[1d168703][INFO ] 2025-01-17 22:43:47.927 [http-nio-8080-exec-2  ] c.e.g.c.l.ThreadLocalTrace     - |   |-->UserService.save(..)
[1d168703][ERROR] 2025-01-17 22:44:08.248 [http-nio-8080-exec-2  ] c.e.g.c.l.ThreadLocalTrace     - |   |<X-UserService.save(..) time=20321ms ex=java.lang.IllegalArgumentException: rawPassword cannot be null
[1d168703][ERROR] 2025-01-17 22:44:08.249 [http-nio-8080-exec-2  ] c.e.g.c.l.ThreadLocalTrace     - |<X-AuthService.signUp(..) time=20358ms ex=java.lang.IllegalArgumentException: rawPassword cannot be null
[1d168703][ERROR] 2025-01-17 22:44:08.253 [http-nio-8080-exec-2  ] c.e.g.c.l.ThreadLocalTrace     - AuthController.signUp(..) time=20366ms ex=java.lang.IllegalArgumentException: rawPassword cannot be null
[null][ERROR] 2025-01-17 22:44:08.274 [http-nio-8080-exec-2  ] c.e.g.c.j.JwtAuthenticationEntryPoint - Commence: unauthorized token error
[017c7cec][DEBUG] 2025-01-17 22:44:10.525 [http-nio-8080-exec-3  ] c.e.g.c.l.ThreadLocalTrace     - AuthController.signUp(..) Request -> POST /auth/sign-up, params =  [], body = [SignUpRequest[email=null, password=null]]
[017c7cec][INFO ] 2025-01-17 22:44:10.525 [http-nio-8080-exec-3  ] c.e.g.c.l.ThreadLocalTrace     - AuthController.signUp(..)
[017c7cec][INFO ] 2025-01-17 22:44:10.527 [http-nio-8080-exec-3  ] c.e.g.c.l.ThreadLocalTrace     - |-->AuthService.signUp(..)
[017c7cec][INFO ] 2025-01-17 22:44:10.527 [http-nio-8080-exec-3  ] c.e.g.c.l.ThreadLocalTrace     - |   |-->UserFindService.isAlreadyMember(..)
[017c7cec][INFO ] 2025-01-17 22:44:10.527 [http-nio-8080-exec-3  ] c.e.g.c.l.ThreadLocalTrace     - |   |   |-->UserRepository.existsByEmail(..)
[017c7cec][DEBUG] 2025-01-17 22:44:10.530 [http-nio-8080-exec-3  ] o.h.SQL                        - 
    select
        ue1_0.id 
    from
        users ue1_0 
    where
        ue1_0.email is null 
    fetch
        first ? rows only
[017c7cec][INFO ] 2025-01-17 22:44:10.531 [http-nio-8080-exec-3  ] c.e.g.c.l.ThreadLocalTrace     - |   |   |<--UserRepository.existsByEmail(..) time=4ms
[017c7cec][INFO ] 2025-01-17 22:44:10.531 [http-nio-8080-exec-3  ] c.e.g.c.l.ThreadLocalTrace     - |   |<--UserFindService.isAlreadyMember(..) time=4ms
[017c7cec][INFO ] 2025-01-17 22:44:10.531 [http-nio-8080-exec-3  ] c.e.g.c.l.ThreadLocalTrace     - |   |-->UserService.save(..)
[017c7cec][ERROR] 2025-01-17 22:44:11.607 [http-nio-8080-exec-3  ] c.e.g.c.l.ThreadLocalTrace     - |   |<X-UserService.save(..) time=1076ms ex=java.lang.IllegalArgumentException: rawPassword cannot be null
[017c7cec][ERROR] 2025-01-17 22:44:11.607 [http-nio-8080-exec-3  ] c.e.g.c.l.ThreadLocalTrace     - |<X-AuthService.signUp(..) time=1080ms ex=java.lang.IllegalArgumentException: rawPassword cannot be null
[017c7cec][ERROR] 2025-01-17 22:44:11.608 [http-nio-8080-exec-3  ] c.e.g.c.l.ThreadLocalTrace     - AuthController.signUp(..) time=1083ms ex=java.lang.IllegalArgumentException: rawPassword cannot be null
[null][ERROR] 2025-01-17 22:44:11.611 [http-nio-8080-exec-3  ] c.e.g.c.j.JwtAuthenticationEntryPoint - Commence: unauthorized token error
[null][INFO ] 2025-01-17 22:44:27.585 [main                  ] c.e.g.GroomingoApplication     - Starting GroomingoApplication using Java 21.0.5 with PID 28506 (/Users/wuchang/IdeaProjects/back-end/build/classes/java/main started by wuchang in /Users/wuchang/IdeaProjects/back-end)
[null][DEBUG] 2025-01-17 22:44:27.585 [main                  ] c.e.g.GroomingoApplication     - Running with Spring Boot v3.3.5, Spring v6.1.14
[null][INFO ] 2025-01-17 22:44:27.585 [main                  ] c.e.g.GroomingoApplication     - The following 1 profile is active: "local"
[null][DEBUG] 2025-01-17 22:44:28.791 [main                  ] o.h.SQL                        - 
    alter table if exists users 
       drop constraint if exists FK3rb3fl26he86xufob7i2mnu52
[null][DEBUG] 2025-01-17 22:44:28.793 [main                  ] o.h.SQL                        - 
    drop table if exists kakao cascade
[null][DEBUG] 2025-01-17 22:44:28.796 [main                  ] o.h.SQL                        - 
    drop table if exists users cascade
[null][DEBUG] 2025-01-17 22:44:28.800 [main                  ] o.h.SQL                        - 
    create table kakao (
        id bigint not null,
        email varchar(255),
        nickname varchar(255),
        primary key (id)
    )
[null][DEBUG] 2025-01-17 22:44:28.804 [main                  ] o.h.SQL                        - 
    create table users (
        id bigint generated by default as identity,
        kakao_id bigint unique,
        email varchar(255),
        password varchar(255),
        role varchar(255) check (role in ('ADMIN','USER')),
        primary key (id)
    )
[null][DEBUG] 2025-01-17 22:44:28.808 [main                  ] o.h.SQL                        - 
    alter table if exists users 
       add constraint FK3rb3fl26he86xufob7i2mnu52 
       foreign key (kakao_id) 
       references kakao
[null][DEBUG] 2025-01-17 22:44:29.115 [main                  ] c.e.g.c.j.JwtAuthenticationFilter - Filter 'jwtAuthenticationFilter' configured for use
[null][INFO ] 2025-01-17 22:44:29.639 [main                  ] c.e.g.GroomingoApplication     - Started GroomingoApplication in 2.249 seconds (process running for 2.413)
[c10edc20][DEBUG] 2025-01-17 22:44:33.692 [http-nio-8080-exec-2  ] c.e.g.c.l.ThreadLocalTrace     - AuthController.signUp(..) Request -> POST /auth/sign-up, params =  [], body = [SignUpRequest[email=test.com, password=1234]]
[c10edc20][INFO ] 2025-01-17 22:44:33.693 [http-nio-8080-exec-2  ] c.e.g.c.l.ThreadLocalTrace     - AuthController.signUp(..)
[c10edc20][INFO ] 2025-01-17 22:44:33.696 [http-nio-8080-exec-2  ] c.e.g.c.l.ThreadLocalTrace     - |-->AuthService.signUp(..)
[c10edc20][INFO ] 2025-01-17 22:44:33.696 [http-nio-8080-exec-2  ] c.e.g.c.l.ThreadLocalTrace     - |   |-->UserFindService.isAlreadyMember(..)
[c10edc20][INFO ] 2025-01-17 22:44:33.697 [http-nio-8080-exec-2  ] c.e.g.c.l.ThreadLocalTrace     - |   |   |-->UserRepository.existsByEmail(..)
[c10edc20][DEBUG] 2025-01-17 22:44:33.724 [http-nio-8080-exec-2  ] o.h.SQL                        - 
    select
        ue1_0.id 
    from
        users ue1_0 
    where
        ue1_0.email=? 
    fetch
        first ? rows only
[c10edc20][INFO ] 2025-01-17 22:44:33.729 [http-nio-8080-exec-2  ] c.e.g.c.l.ThreadLocalTrace     - |   |   |<--UserRepository.existsByEmail(..) time=32ms
[c10edc20][INFO ] 2025-01-17 22:44:33.729 [http-nio-8080-exec-2  ] c.e.g.c.l.ThreadLocalTrace     - |   |<--UserFindService.isAlreadyMember(..) time=33ms
[c10edc20][INFO ] 2025-01-17 22:44:33.729 [http-nio-8080-exec-2  ] c.e.g.c.l.ThreadLocalTrace     - |   |-->UserService.save(..)
[c10edc20][INFO ] 2025-01-17 22:44:37.937 [http-nio-8080-exec-2  ] c.e.g.c.l.ThreadLocalTrace     - |   |   |-->CrudRepository.save(..)
[c10edc20][DEBUG] 2025-01-17 22:44:37.949 [http-nio-8080-exec-2  ] o.h.SQL                        - 
    insert 
    into
        users
        (email, kakao_id, password, role) 
    values
        (?, ?, ?, ?) 
    returning id
[c10edc20][INFO ] 2025-01-17 22:44:37.955 [http-nio-8080-exec-2  ] c.e.g.c.l.ThreadLocalTrace     - |   |   |<--CrudRepository.save(..) time=18ms
[c10edc20][INFO ] 2025-01-17 22:44:37.955 [http-nio-8080-exec-2  ] c.e.g.c.l.ThreadLocalTrace     - |   |<--UserService.save(..) time=4226ms
[c10edc20][INFO ] 2025-01-17 22:44:37.955 [http-nio-8080-exec-2  ] c.e.g.c.l.ThreadLocalTrace     - |<--AuthService.signUp(..) time=4259ms
[c10edc20][DEBUG] 2025-01-17 22:44:37.960 [http-nio-8080-exec-2  ] c.e.g.c.l.ThreadLocalTrace     - AuthController.signUp(..) Response -> <200 OK OK,test.com,[]> 
[c10edc20][INFO ] 2025-01-17 22:44:37.961 [http-nio-8080-exec-2  ] c.e.g.c.l.ThreadLocalTrace     - AuthController.signUp(..) time=4268ms
